[debug] [2018-05-12T02:25:05.526Z] ----------------------------------------------------------------------
[debug] [2018-05-12T02:25:05.528Z] Command:       /Users/ext.jbuitron/.nvm/versions/node/v8.11.1/bin/node /Users/ext.jbuitron/.nvm/versions/node/v8.11.1/bin/firebase serve
[debug] [2018-05-12T02:25:05.528Z] CLI Version:   3.18.4
[debug] [2018-05-12T02:25:05.528Z] Platform:      darwin
[debug] [2018-05-12T02:25:05.528Z] Node Version:  v8.11.1
[debug] [2018-05-12T02:25:05.529Z] Time:          Fri May 11 2018 21:25:05 GMT-0500 (-05)
[debug] [2018-05-12T02:25:05.529Z] ----------------------------------------------------------------------
[debug] 
[debug] [2018-05-12T02:25:05.543Z] > command requires scopes: ["email","openid","https://www.googleapis.com/auth/cloudplatformprojects.readonly","https://www.googleapis.com/auth/firebase","https://www.googleapis.com/auth/cloud-platform"]
[debug] [2018-05-12T02:25:05.544Z] > authorizing via signed-in user
[debug] [2018-05-12T02:25:05.545Z] > refreshing access token with scopes: ["email","https://www.googleapis.com/auth/cloud-platform","https://www.googleapis.com/auth/cloudplatformprojects.readonly","https://www.googleapis.com/auth/firebase","openid"]
[debug] [2018-05-12T02:25:05.545Z] >>> HTTP REQUEST POST https://www.googleapis.com/oauth2/v3/token  
 { refresh_token: '1/tNI_Yrr4lRPNJcQO2TuocbX0hxnTzbpuQYWap7YV_sw',
  client_id: '563584335869-fgrhgmd47bqnekij5i8b5pr03ho849e6.apps.googleusercontent.com',
  client_secret: 'j9iVZfS8kkCEFUPaAeJV0sAi',
  grant_type: 'refresh_token',
  scope: 'email https://www.googleapis.com/auth/cloud-platform https://www.googleapis.com/auth/cloudplatformprojects.readonly https://www.googleapis.com/auth/firebase openid' } 
 Fri May 11 2018 21:25:05 GMT-0500 (-05)
[debug] [2018-05-12T02:25:06.383Z] <<< HTTP RESPONSE 200
[debug] [2018-05-12T02:25:06.397Z] >>> HTTP REQUEST GET https://admin.firebase.com/v1/projects/laboratoria-419ca  
  
 Fri May 11 2018 21:25:06 GMT-0500 (-05)
[debug] [2018-05-12T02:25:07.265Z] <<< HTTP RESPONSE 200
[debug] [2018-05-12T02:25:07.265Z] >>> HTTP REQUEST GET https://admin.firebase.com/v1/database/laboratoria-419ca/tokens  
  
 Fri May 11 2018 21:25:07 GMT-0500 (-05)
[debug] [2018-05-12T02:25:08.010Z] <<< HTTP RESPONSE 200
[debug] [2018-05-12T02:25:08.011Z] >>> HTTP REQUEST GET https://cloudresourcemanager.googleapis.com/v1/projects/laboratoria-419ca  
  
 Fri May 11 2018 21:25:08 GMT-0500 (-05)
[debug] [2018-05-12T02:25:08.829Z] <<< HTTP RESPONSE 200
[info] 
[info] === Serving from '/Users/ext.jbuitron/personal/projects/inter/laboratoria'...
[info] 
[info] i  functions: Preparing to emulate functions.
[debug] [2018-05-12T02:25:09.773Z] Fetching environment
[debug] [2018-05-12T02:25:09.775Z] >>> HTTP REQUEST GET https://mobilesdk-pa.googleapis.com/v1/projects/87445228632:getServerAppConfig  
  
 Fri May 11 2018 21:25:09 GMT-0500 (-05)
[debug] [2018-05-12T02:25:09.776Z] >>> HTTP REQUEST GET https://mobilesdk-pa.googleapis.com/v1/projects/87445228632/clients/_:getWebAppConfig  
  
 Fri May 11 2018 21:25:09 GMT-0500 (-05)
[debug] [2018-05-12T02:25:11.553Z] <<< HTTP RESPONSE 200
[debug] [2018-05-12T02:25:11.554Z] Starting @google-cloud/functions-emulator
[debug] [2018-05-12T02:25:11.573Z] <<< HTTP RESPONSE 200
[info] i  hosting: Serving hosting files from: public
[info] ✔  hosting: Local server: http://localhost:5000

[debug] [2018-05-12T02:25:12.607Z] Parsing function triggers
[debug] [2018-05-13T21:46:06.981Z] Error: socket hang up
    at TLSSocket.onHangUp (_tls_wrap.js:1137:19)
    at Object.onceWrapper (events.js:313:30)
    at emitNone (events.js:111:20)
    at TLSSocket.emit (events.js:208:7)
    at endReadableNT (_stream_readable.js:1064:12)
    at _combinedTickCallback (internal/process/next_tick.js:138:11)
    at process._tickDomainCallback (internal/process/next_tick.js:218:9)
[error] 
[error] Error: An unexpected error has occurred.
[debug] [2018-05-13T21:47:10.849Z] ----------------------------------------------------------------------
[debug] [2018-05-13T21:47:10.850Z] Command:       /Users/ext.jbuitron/.nvm/versions/node/v8.11.1/bin/node /Users/ext.jbuitron/.nvm/versions/node/v8.11.1/bin/firebase serve
[debug] [2018-05-13T21:47:10.851Z] CLI Version:   3.18.4
[debug] [2018-05-13T21:47:10.851Z] Platform:      darwin
[debug] [2018-05-13T21:47:10.851Z] Node Version:  v8.11.1
[debug] [2018-05-13T21:47:10.851Z] Time:          Sun May 13 2018 16:47:10 GMT-0500 (-05)
[debug] [2018-05-13T21:47:10.851Z] ----------------------------------------------------------------------
[debug] 
[debug] [2018-05-13T21:47:10.864Z] > command requires scopes: ["email","openid","https://www.googleapis.com/auth/cloudplatformprojects.readonly","https://www.googleapis.com/auth/firebase","https://www.googleapis.com/auth/cloud-platform"]
[debug] [2018-05-13T21:47:10.864Z] > authorizing via signed-in user
[debug] [2018-05-13T21:47:10.866Z] > refreshing access token with scopes: ["email","https://www.googleapis.com/auth/cloud-platform","https://www.googleapis.com/auth/cloudplatformprojects.readonly","https://www.googleapis.com/auth/firebase","openid"]
[debug] [2018-05-13T21:47:10.866Z] >>> HTTP REQUEST POST https://www.googleapis.com/oauth2/v3/token  
 { refresh_token: '1/tNI_Yrr4lRPNJcQO2TuocbX0hxnTzbpuQYWap7YV_sw',
  client_id: '563584335869-fgrhgmd47bqnekij5i8b5pr03ho849e6.apps.googleusercontent.com',
  client_secret: 'j9iVZfS8kkCEFUPaAeJV0sAi',
  grant_type: 'refresh_token',
  scope: 'email https://www.googleapis.com/auth/cloud-platform https://www.googleapis.com/auth/cloudplatformprojects.readonly https://www.googleapis.com/auth/firebase openid' } 
 Sun May 13 2018 16:47:10 GMT-0500 (-05)
[debug] [2018-05-13T21:47:11.491Z] <<< HTTP RESPONSE 200
[debug] [2018-05-13T21:47:11.505Z] >>> HTTP REQUEST GET https://admin.firebase.com/v1/projects/laboratoria-419ca  
  
 Sun May 13 2018 16:47:11 GMT-0500 (-05)
[debug] [2018-05-13T21:47:30.470Z] <<< HTTP RESPONSE 200
[debug] [2018-05-13T21:47:30.471Z] >>> HTTP REQUEST GET https://admin.firebase.com/v1/database/laboratoria-419ca/tokens  
  
 Sun May 13 2018 16:47:30 GMT-0500 (-05)
[debug] [2018-05-13T21:47:31.213Z] <<< HTTP RESPONSE 200
[debug] [2018-05-13T21:47:31.214Z] >>> HTTP REQUEST GET https://cloudresourcemanager.googleapis.com/v1/projects/laboratoria-419ca  
  
 Sun May 13 2018 16:47:31 GMT-0500 (-05)
[debug] [2018-05-13T21:47:37.749Z] <<< HTTP RESPONSE 200
[info] 
[info] === Serving from '/Users/ext.jbuitron/personal/projects/inter/laboratoria'...
[info] 
[info] i  functions: Preparing to emulate functions.
[debug] [2018-05-13T21:47:38.625Z] Fetching environment
[debug] [2018-05-13T21:47:38.627Z] >>> HTTP REQUEST GET https://mobilesdk-pa.googleapis.com/v1/projects/87445228632:getServerAppConfig  
  
 Sun May 13 2018 16:47:38 GMT-0500 (-05)
[debug] [2018-05-13T21:47:38.627Z] >>> HTTP REQUEST GET https://mobilesdk-pa.googleapis.com/v1/projects/87445228632/clients/_:getWebAppConfig  
  
 Sun May 13 2018 16:47:38 GMT-0500 (-05)
[debug] [2018-05-13T21:47:40.700Z] <<< HTTP RESPONSE 200
[info] i  hosting: Serving hosting files from: public
[info] ✔  hosting: Local server: http://localhost:5000

[debug] [2018-05-13T21:47:41.134Z] <<< HTTP RESPONSE 200
[debug] [2018-05-13T21:47:41.134Z] Starting @google-cloud/functions-emulator
[debug] [2018-05-13T21:47:42.184Z] Parsing function triggers
[debug] [2018-05-14T02:13:57.406Z] Error: getaddrinfo ENOTFOUND www.gstatic.com www.gstatic.com:443
    at errnoException (dns.js:50:10)
    at GetAddrInfoReqWrap.onlookup [as oncomplete] (dns.js:92:26)
[error] 
[error] Error: An unexpected error has occurred.
[debug] [2018-05-14T02:13:57.407Z] Error: socket hang up
    at createHangUpError (_http_client.js:331:15)
    at TLSSocket.socketCloseListener (_http_client.js:363:23)
    at emitOne (events.js:121:20)
    at TLSSocket.emit (events.js:211:7)
    at _handle.close (net.js:567:12)
    at TCP.done [as _onclose] (_tls_wrap.js:356:7)
[error] 
[error] Error: An unexpected error has occurred.
